C:\USERS\EDGARDO\DOCUMENTS\GITHUB\CS535GPU-PROGRAMMING\RELEASE\MAIN.OBJ
C:\USERS\EDGARDO\DOCUMENTS\GITHUB\CS535GPU-PROGRAMMING\RELEASE\VC100.PDB
C:\USERS\EDGARDO\DOCUMENTS\GITHUB\CS535GPU-PROGRAMMING\RELEASE\GPGPU.OBJ
C:\USERS\EDGARDO\DOCUMENTS\GITHUB\CS535GPU-PROGRAMMING\RELEASE\GPU-PROG-PROJ.EXE
C:\USERS\EDGARDO\DOCUMENTS\GITHUB\CS535GPU-PROGRAMMING\RELEASE\GPU-PROG-PROJ.EXE.INTERMEDIATE.MANIFEST
C:\USERS\EDGARDO\DOCUMENTS\GITHUB\CS535GPU-PROGRAMMING\RELEASE\GPU-PROG-PROJ.PDB
C:\Users\Edgardo\Documents\GitHub\cs535gpu-programming\Release\GPGPU.obj
C:\Users\Edgardo\Documents\GitHub\cs535gpu-programming\Release\main.obj
C:\Users\Edgardo\Documents\GitHub\cs535gpu-programming\Release\cl.command.1.tlog
C:\Users\Edgardo\Documents\GitHub\cs535gpu-programming\Release\CL.read.1.tlog
C:\Users\Edgardo\Documents\GitHub\cs535gpu-programming\Release\CL.write.1.tlog
C:\Users\Edgardo\Documents\GitHub\cs535gpu-programming\Release\link.command.1.tlog
C:\Users\Edgardo\Documents\GitHub\cs535gpu-programming\Release\link.read.1.tlog
C:\Users\Edgardo\Documents\GitHub\cs535gpu-programming\Release\link.write.1.tlog
C:\Users\Edgardo\Documents\GitHub\cs535gpu-programming\Release\mt.command.1.tlog
C:\Users\Edgardo\Documents\GitHub\cs535gpu-programming\Release\mt.read.1.tlog
C:\Users\Edgardo\Documents\GitHub\cs535gpu-programming\Release\mt.write.1.tlog
C:\Users\Edgardo\Documents\GitHub\cs535gpu-programming\Release\gpu-prog-proj.exe.intermediate.manifest
C:\Users\Edgardo\Documents\GitHub\cs535gpu-programming\Release\gpu-prog-proj.pdb
C:\Users\Edgardo\Documents\GitHub\cs535gpu-programming\Release\vc100.pdb
C:\Users\Edgardo\Documents\GitHub\cs535gpu-programming\Release\gpu-prog-proj.exe
